<?xml version="1.0" encoding="UTF-8"?>
<!-- Generated by org.testng.reporters.JUnitXMLReporter -->
<testsuite hostname="DESKTOP-HJ2LQR2" ignored="1" name="Default test" tests="1" failures="0" timestamp="29 May 2020 11:26:04 GMT" time="19.681" errors="0">
  <testcase name="createCredentialProfile" time="9.667" classname="com.nms.radwinAutomation.login.AdminTest"/>
  <testcase name="createDiscoveryProfile" time="0.0" classname="com.nms.radwinAutomation.login.AdminTest">
    <ignored/>
  </testcase> <!-- createDiscoveryProfile -->
</testsuite> <!-- Default test -->
