<?xml version="1.0" encoding="UTF-8"?>
<!-- Generated by org.testng.reporters.JUnitXMLReporter -->
<testsuite hostname="DESKTOP-HJ2LQR2" ignored="0" name="Test" tests="2" failures="0" timestamp="13 May 2020 14:21:14 GMT" time="26.863" errors="0">
  <testcase name="createCredentialProfile" time="18.92" classname="com.nms.radwinAutomation.login.AdminTest"/>
  <testcase name="createDiscoveryProfile" time="0.0" classname="com.nms.radwinAutomation.login.AdminTest">
    <skipped/>
  </testcase> <!-- createDiscoveryProfile -->
</testsuite> <!-- Test -->
