<?xml version="1.0" encoding="UTF-8"?>
<testng-results skipped="0" failed="0" ignored="1" total="2" passed="1">
  <reporter-output>
  </reporter-output>
  <suite name="Default suite" duration-ms="19681" started-at="2020-05-29T11:25:43Z" finished-at="2020-05-29T11:26:03Z">
    <groups>
    </groups>
    <test name="Default test" duration-ms="19681" started-at="2020-05-29T11:25:43Z" finished-at="2020-05-29T11:26:03Z">
      <class name="com.nms.radwinAutomation.login.AdminTest">
        <test-method status="PASS" signature="setUp(java.lang.reflect.Method, java.lang.String, org.testng.ITestContext)[pri:0, instance:com.nms.radwinAutomation.login.AdminTest@646007f4]" name="setUp" is-config="true" duration-ms="8713" started-at="2020-05-29T11:25:44Z" finished-at="2020-05-29T11:25:53Z">
          <params>
            <param index="0">
              <value>
                <![CDATA[public void com.nms.radwinAutomation.login.AdminTest.createCredentialProfile(java.util.Map)]]>
              </value>
            </param>
            <param index="1">
              <value>
                <![CDATA[chrome]]>
              </value>
            </param>
            <param index="2">
              <value>
                <![CDATA[org.testng.TestRunner@2f4919b0]]>
              </value>
            </param>
          </params>
          <reporter-output>
          </reporter-output>
        </test-method> <!-- setUp -->
        <test-method status="PASS" signature="createCredentialProfile(java.util.Map)[pri:1, instance:com.nms.radwinAutomation.login.AdminTest@646007f4]" name="createCredentialProfile" duration-ms="9667" started-at="2020-05-29T11:25:53Z" data-provider="csvReader" finished-at="2020-05-29T11:26:02Z">
          <params>
            <param index="0">
              <value>
                <![CDATA[{name=Test Automation, no=1, community=public, department=NYPD, expectedMessage=Credential Profile created successfully}]]>
              </value>
            </param>
          </params>
          <reporter-output>
          </reporter-output>
        </test-method> <!-- createCredentialProfile -->
        <test-method status="PASS" signature="tearDown(org.testng.ITestResult)[pri:0, instance:com.nms.radwinAutomation.login.AdminTest@646007f4]" name="tearDown" is-config="true" duration-ms="807" started-at="2020-05-29T11:26:02Z" finished-at="2020-05-29T11:26:03Z">
          <params>
            <param index="0">
              <value>
                <![CDATA[[TestResult name=createCredentialProfile status=SUCCESS method=AdminTest.createCredentialProfile(java.util.Map)[pri:1, instance:com.nms.radwinAutomation.login.AdminTest@646007f4] output={null}]]]>
              </value>
            </param>
          </params>
          <reporter-output>
          </reporter-output>
        </test-method> <!-- tearDown -->
      </class> <!-- com.nms.radwinAutomation.login.AdminTest -->
    </test> <!-- Default test -->
  </suite> <!-- Default suite -->
</testng-results>
